0 info it worked if it ends with ok
1 verbose cli [ 'C:\\Program Files\\nodejs\\node.exe',
1 verbose cli   'C:\\Users\\billy\\AppData\\Roaming\\npm\\node_modules\\npm\\bin\\npm-cli.js',
1 verbose cli   'publish' ]
2 info using npm@3.5.3
3 info using node@v5.1.0
4 verbose publish [ '.' ]
5 silly cache add args [ '.', null ]
6 verbose cache add spec .
7 silly cache add parsed spec Result {
7 silly cache add   raw: '.',
7 silly cache add   scope: null,
7 silly cache add   name: null,
7 silly cache add   rawSpec: '.',
7 silly cache add   spec: 'C:\\xara\\development-unix\\gdrive-paths\\dist',
7 silly cache add   type: 'directory' }
8 verbose addLocalDirectory C:\node\npm-cache\google-drive-paths\1.0.0\package.tgz not in flight; packing
9 info lifecycle google-drive-paths@1.0.0~prepublish: google-drive-paths@1.0.0
10 silly lifecycle google-drive-paths@1.0.0~prepublish: no script for prepublish, continuing
11 verbose tar pack [ 'C:\\node\\npm-cache\\google-drive-paths\\1.0.0\\package.tgz',
11 verbose tar pack   'C:\\xara\\development-unix\\gdrive-paths\\dist' ]
12 verbose tarball C:\node\npm-cache\google-drive-paths\1.0.0\package.tgz
13 verbose folder C:\xara\development-unix\gdrive-paths\dist
14 verbose addLocalTarball adding from inside cache C:\node\npm-cache\google-drive-paths\1.0.0\package.tgz
15 silly cache afterAdd google-drive-paths@1.0.0
16 verbose afterAdd C:\node\npm-cache\google-drive-paths\1.0.0\package\package.json not in flight; writing
17 verbose afterAdd C:\node\npm-cache\google-drive-paths\1.0.0\package\package.json written
18 silly publish { name: 'google-drive-paths',
18 silly publish   description: 'Retrieve all available paths of a file located in Google Drive',
18 silly publish   private: true,
18 silly publish   version: '1.0.0',
18 silly publish   engines: { node: '>=0.10' },
18 silly publish   dependencies: { googleapis: '^13.0.0' },
18 silly publish   devDependencies: {},
18 silly publish   contributors: [ { name: 'Vassilis Barzokas', email: 'contact@vbarzokas.com' } ],
18 silly publish   readme: '#Google Drive Paths\r\n\r\nA standalone Node module capable to interact with Goole Drive API v2 and retrieve a list with all the possible full paths of a file located in Google Drive.\r\n\r\n\r\n##Installation steps\r\n1. `npm install google-drive-paths`\r\n\r\n\r\n##Usage\r\n```javascript\r\nvar getFilePaths = require(\'google-drive-paths\');\r\n\r\ngetFilePaths(googleDriveClient, GOOLE_DRIVE_FILE_ID, \'\', function(paths) {\r\nconsole.log(paths);\r\n    /* should retrieve all paths and output something like this:\r\n     [\r\n         \'/folder1/testFile.png/\',\r\n         \'/folderX/testFile.png/\',\r\n         \'/folder3/testFile.png/\',\r\n         \'/folder2/testFile.png/\',\r\n         \'/folderX/folder1/testFile.png/\',\r\n         \'/folder1/folder1.1/testFile.png/\',\r\n         \'/folderX/folder2/testFile.png/\',\r\n         \'/folderX/folder1/folder1.1/testFile.png/\',\r\n         \'/folderX/folder3/testFile.png/\'\r\n     ]\r\n     */\r\n \r\n});\r\n```\r\n\r\n##Example\r\n```javascript\r\nvar google = require(\'googleapis\'),\r\n\tOAuth2 = google.auth.OAuth2,\r\n\tgetFilePaths = require(\'./index\'),\r\n\tCLIENT_API_KEY = \'YOUR API KEY HERE\',\r\n\tCLIENT_API_SECRET = \'YOUR API SECRET HERE\',\r\n\tCLIENT_REDIRECT_URI = \'YOUR SPECIFIED REDIRECT URI HERE\',\r\n\tACCESS_TOKEN = \'YOUR ACCESS TOKEN HERE\',\r\n\tREFRESH_TOKEN = \'YOUR REFRESH TOKEN HERE\',\r\n\toauth2Client,\r\n\tgoogleDriveClient;\r\n\r\noauth2Client = new OAuth2(CLIENT_API_KEY, CLIENT_API_SECRET, CLIENT_REDIRECT_URI);\r\n\r\noauth2Client.setCredentials({\r\n\taccess_token: ACCESS_TOKEN,\r\n\trefresh_token: REFRESH_TOKEN\r\n});\r\n\r\ngoogleDriveClient = google.drive({\r\n\tversion: \'v2\',\r\n\tauth: oauth2Client\r\n});\r\n\r\ngetFilePaths(googleDriveClient, \'THE TARGET FILE ID HERE\', \'\', function(paths) {\r\n\t/* assuming our target file is named "testFile.png", it should retrieve all paths and output something like this:\r\n\t [\r\n\t\t \'/folder1/testFile.png/\',\r\n\t\t \'/folderX/testFile.png/\',\r\n\t\t \'/folder3/testFile.png/\',\r\n\t\t \'/folder2/testFile.png/\',\r\n\t\t \'/folderX/folder1/testFile.png/\',\r\n\t\t \'/folder1/folder1.1/testFile.png/\',\r\n\t\t \'/folderX/folder2/testFile.png/\',\r\n\t\t \'/folderX/folder1/folder1.1/testFile.png/\',\r\n\t\t \'/folderX/folder3/testFile.png/\'\r\n\t ]\r\n\t */\r\n\tconsole.log(paths.length);\r\n\tconsole.log(paths);\r\n});\r\n```\r\n\r\n##Current version\r\nThe current version is 1.0.0.',
18 silly publish   readmeFilename: 'README.md',
18 silly publish   gitHead: '153c3a1af63f3414406ca76b76321c97ccdd2674',
18 silly publish   _id: 'google-drive-paths@1.0.0',
18 silly publish   scripts: {},
18 silly publish   _shasum: 'b549a2d984824159e997b98a6e9c85125efd6eaf',
18 silly publish   _from: '.' }
19 verbose getPublishConfig undefined
20 verbose stack Error: This package has been marked as private
20 verbose stack Remove the 'private' field from the package.json to publish it.
20 verbose stack     at publish_ (C:\Users\billy\AppData\Roaming\npm\node_modules\npm\lib\publish.js:100:15)
20 verbose stack     at Array.<anonymous> (C:\Users\billy\AppData\Roaming\npm\node_modules\npm\node_modules\slide\lib\bind-actor.js:15:8)
20 verbose stack     at LOOP (C:\Users\billy\AppData\Roaming\npm\node_modules\npm\node_modules\slide\lib\chain.js:15:14)
20 verbose stack     at LOOP (C:\Users\billy\AppData\Roaming\npm\node_modules\npm\node_modules\slide\lib\chain.js:14:28)
20 verbose stack     at chain (C:\Users\billy\AppData\Roaming\npm\node_modules\npm\node_modules\slide\lib\chain.js:20:5)
20 verbose stack     at C:\Users\billy\AppData\Roaming\npm\node_modules\npm\lib\publish.js:72:5
20 verbose stack     at RES (C:\Users\billy\AppData\Roaming\npm\node_modules\npm\node_modules\inflight\inflight.js:23:14)
20 verbose stack     at f (C:\Users\billy\AppData\Roaming\npm\node_modules\npm\node_modules\once\once.js:17:25)
20 verbose stack     at C:\Users\billy\AppData\Roaming\npm\node_modules\npm\lib\cache.js:361:16
20 verbose stack     at C:\Users\billy\AppData\Roaming\npm\node_modules\npm\node_modules\write-file-atomic\index.js:29:9
21 verbose cwd C:\xara\development-unix\gdrive-paths\dist
22 error Windows_NT 10.0.14393
23 error argv "C:\\Program Files\\nodejs\\node.exe" "C:\\Users\\billy\\AppData\\Roaming\\npm\\node_modules\\npm\\bin\\npm-cli.js" "publish"
24 error node v5.1.0
25 error npm  v3.5.3
26 error This package has been marked as private
26 error Remove the 'private' field from the package.json to publish it.
27 error If you need help, you may report this error at:
27 error     <https://github.com/npm/npm/issues>
28 verbose exit [ 1, true ]
